1723920315609	geckodriver	INFO	Listening on 127.0.0.1:53358
1723920318699	mozrunner::runner	INFO	Running command: "C:\\Program Files\\Mozilla Firefox\\firefox.exe" "--marionette" "--remote-debugging-port" "53359" "--remote ... localhost" "-no-remote" "-profile" "C:\\Users\\Asus\\AppData\\Local\\robocorp\\temp\\4153485813eeac16\\rust_mozprofileCrED42"
console.warn: services.settings: Ignoring preference override of remote settings server
console.warn: services.settings: Allow by setting MOZ_REMOTE_SETTINGS_DEVTOOLS=1 in the environment
Dynamically enable window occlusion 0
1723920319202	Marionette	INFO	Marionette enabled
1723920319342	Marionette	INFO	Listening on port 53368
WebDriver BiDi listening on ws://127.0.0.1:53359
Read port: 53368
1723920319536	RemoteAgent	WARN	TLS certificate errors will be ignored for this session
1723920323024	Marionette	INFO	Stopped listening on port 53368
JavaScript warning: https://cdn.segment.com/analytics.js/v1/IEWBqQ8VWHijTQxb7lEBGFGS9uIJzigZ/analytics.min.js, line 1: Script terminated by timeout at:
remove@https://cdn.segment.com/analytics.js/v1/IEWBqQ8VWHijTQxb7lEBGFGS9uIJzigZ/analytics.min.js:1:63834
V@https://cdn.segment.com/analytics.js/v1/IEWBqQ8VWHijTQxb7lEBGFGS9uIJzigZ/analytics.min.js:1:64722
get@https://cdn.segment.com/analytics.js/v1/IEWBqQ8VWHijTQxb7lEBGFGS9uIJzigZ/analytics.min.js:1:64944
e@https://cdn.segment.com/analytics.js/v1/IEWBqQ8VWHijTQxb7lEBGFGS9uIJzigZ/analytics.min.js:1:64846
Q/<@https://cdn.segment.com/analytics.js/v1/IEWBqQ8VWHijTQxb7lEBGFGS9uIJzigZ/analytics.min.js:1:66417
Q@https://cdn.segment.com/analytics.js/v1/IEWBqQ8VWHijTQxb7lEBGFGS9uIJzigZ/analytics.min.js:1:66274
n.prototype.createStore@https://cdn.segment.com/analytics.js/v1/IEWBqQ8VWHijTQxb7lEBGFGS9uIJzigZ/analytics.min.js:1:75822
n@https://cdn.segment.com/analytics.js/v1/IEWBqQ8VWHijTQxb7lEBGFGS9uIJzigZ/analytics.min.js:1:75320
$t/</<@https://cdn.segment.com/analytics.js/v1/IEWBqQ8VWHijTQxb7lEBGFGS9uIJzigZ/analytics.min.js:1:101039
5163/a/u/</<@https://cdn.segment.com/analytics.js/v1/IEWBqQ8VWHijTQxb7lEBGFGS9uIJzigZ/analytics.min.js:1:33639
5163/a/u/<@https://cdn.segment.com/analytics.js/v1/IEWBqQ8VWHijTQxb7lEBGFGS9uIJzigZ/analytics.min.js:1:33744
s@https://cdn.segment.com/analytics.js/v1/IEWBqQ8VWHijTQxb7lEBGFGS9uIJzigZ/analytics.min.js:1:32462

Dynamically enable window occlusion 1
